0 info it worked if it ends with ok
1 verbose cli [ '/usr/local/bin/node',
1 verbose cli   '/usr/local/bin/npm',
1 verbose cli   'install',
1 verbose cli   '-g',
1 verbose cli   'pakmanager' ]
2 info using npm@2.14.2
3 info using node@v4.1.1
4 verbose install initial load of /usr/local/lib/package.json
5 verbose readDependencies loading dependencies from /usr/local/lib/package.json
6 silly cache add args [ 'pakmanager', null ]
7 verbose cache add spec pakmanager
8 silly cache add parsed spec Result {
8 silly cache add   raw: 'pakmanager',
8 silly cache add   scope: null,
8 silly cache add   name: 'pakmanager',
8 silly cache add   rawSpec: '',
8 silly cache add   spec: '*',
8 silly cache add   type: 'range' }
9 silly addNamed pakmanager@*
10 verbose addNamed "*" is a valid semver range for pakmanager
11 silly addNameRange { name: 'pakmanager', range: '*', hasData: false }
12 silly mapToRegistry name pakmanager
13 silly mapToRegistry using default registry
14 silly mapToRegistry registry https://registry.npm.taobao.org/
15 silly mapToRegistry uri https://registry.npm.taobao.org/pakmanager
16 verbose addNameRange registry:https://registry.npm.taobao.org/pakmanager not in flight; fetching
17 verbose request uri https://registry.npm.taobao.org/pakmanager
18 verbose request no auth needed
19 info attempt registry request try #1 at 3:18:01 PM
20 verbose request id 0ba1c89c77081638
21 http request GET https://registry.npm.taobao.org/pakmanager
22 http 200 https://registry.npm.taobao.org/pakmanager
23 silly get cb [ 200,
23 silly get   { date: 'Mon, 09 Nov 2015 07:18:02 GMT',
23 silly get     'content-type': 'application/json; charset=utf-8',
23 silly get     'content-length': '17107',
23 silly get     connection: 'keep-alive',
23 silly get     etag: '"42d3-pLJqlU6x0Wo7qzTPZCEkgQ"',
23 silly get     'x-readtime': '18' } ]
24 verbose get saving pakmanager to /Users/ted/.npm/registry.npm.taobao.org/pakmanager/.cache.json
25 silly addNameRange number 2 { name: 'pakmanager', range: '*', hasData: true }
26 silly addNameRange versions [ 'pakmanager',
26 silly addNameRange   [ '0.12.1',
26 silly addNameRange     '0.12.0',
26 silly addNameRange     '0.11.8',
26 silly addNameRange     '0.11.7',
26 silly addNameRange     '0.11.6',
26 silly addNameRange     '0.11.5',
26 silly addNameRange     '0.11.4',
26 silly addNameRange     '0.11.3',
26 silly addNameRange     '0.8.8',
26 silly addNameRange     '0.8.7',
26 silly addNameRange     '0.8.6',
26 silly addNameRange     '0.8.5',
26 silly addNameRange     '0.8.4',
26 silly addNameRange     '0.8.1' ] ]
27 silly addNamed pakmanager@0.12.1
28 verbose addNamed "0.12.1" is a plain semver version for pakmanager
29 silly mapToRegistry name pakmanager
30 silly mapToRegistry using default registry
31 silly mapToRegistry registry https://registry.npm.taobao.org/
32 silly mapToRegistry uri https://registry.npm.taobao.org/pakmanager
33 verbose addRemoteTarball https://registry.npm.taobao.org/pakmanager/download/pakmanager-0.12.1.tgz not in flight; adding
34 verbose addRemoteTarball [ 'https://registry.npm.taobao.org/pakmanager/download/pakmanager-0.12.1.tgz',
34 verbose addRemoteTarball   '6b0cfc746678e3041ba452ca43a84bc5a6552406' ]
35 info retry fetch attempt 1 at 3:18:02 PM
36 info attempt registry request try #1 at 3:18:02 PM
37 http fetch GET https://registry.npm.taobao.org/pakmanager/download/pakmanager-0.12.1.tgz
38 http fetch 200 https://registry.npm.taobao.org/pakmanager/download/pakmanager-0.12.1.tgz
39 silly fetchAndShaCheck shasum 6b0cfc746678e3041ba452ca43a84bc5a6552406
40 verbose addTmpTarball /var/folders/w3/s3n3l1r946zdrsxnx2rf16rh0000gn/T/npm-34425-6cd1254d/registry.npm.taobao.org/pakmanager/download/pakmanager-0.12.1.tgz not in flight; adding
41 verbose addTmpTarball already have metadata; skipping unpack for pakmanager@0.12.1
42 silly cache afterAdd pakmanager@0.12.1
43 verbose afterAdd /Users/ted/.npm/pakmanager/0.12.1/package/package.json not in flight; writing
44 verbose afterAdd /Users/ted/.npm/pakmanager/0.12.1/package/package.json written
45 silly install resolved [ { author:
45 silly install resolved      { name: 'AJ ONeal',
45 silly install resolved        email: 'coolaj86@gmail.com',
45 silly install resolved        url: 'http://coolaj86.info' },
45 silly install resolved     name: 'pakmanager',
45 silly install resolved     description: 'A demo package manager using the pakman API.',
45 silly install resolved     version: '0.12.1',
45 silly install resolved     homepage: 'https://github.com/coolaj86/node-pakman',
45 silly install resolved     repository:
45 silly install resolved      { type: 'git',
45 silly install resolved        url: 'git://github.com/coolaj86/node-pakman.git' },
45 silly install resolved     main: 'lib/index',
45 silly install resolved     lib: 'lib',
45 silly install resolved     bin: { pakmanager: 'bin/pakmanager.js' },
45 silly install resolved     scripts: { test: 'pakmanager' },
45 silly install resolved     engines: { node: '>=0.4' },
45 silly install resolved     dependencies: { pakman: '>=0.11.5 <0.12.0', argparse: '>=0.1.5 <0.2.0' },
45 silly install resolved     devDependencies: {},
45 silly install resolved     readmeFilename: 'README.md',
45 silly install resolved     _id: 'pakmanager@0.12.1',
45 silly install resolved     dist:
45 silly install resolved      { shasum: '6b0cfc746678e3041ba452ca43a84bc5a6552406',
45 silly install resolved        size: 192640,
45 silly install resolved        noattachment: false,
45 silly install resolved        tarball: 'http://registry.npm.taobao.org/pakmanager/download/pakmanager-0.12.1.tgz' },
45 silly install resolved     _from: 'pakmanager@*',
45 silly install resolved     _npmVersion: '1.2.15',
45 silly install resolved     _npmUser: { name: 'coolaj86', email: 'coolaj86@gmail.com' },
45 silly install resolved     maintainers: [ [Object] ],
45 silly install resolved     directories: {},
45 silly install resolved     publish_time: 1366250482402,
45 silly install resolved     _cnpm_publish_time: 1366250482402,
45 silly install resolved     _shasum: '6b0cfc746678e3041ba452ca43a84bc5a6552406',
45 silly install resolved     _resolved: 'https://registry.npm.taobao.org/pakmanager/download/pakmanager-0.12.1.tgz' } ]
46 info install pakmanager@0.12.1 into /usr/local/lib
47 info installOne pakmanager@0.12.1
48 verbose installOne of pakmanager to /usr/local/lib not in flight; installing
49 verbose lock using /Users/ted/.npm/_locks/pakmanager-9882156f734bc2a5.lock for /usr/local/lib/node_modules/pakmanager
50 silly install write writing pakmanager 0.12.1 to /usr/local/lib/node_modules/pakmanager
51 verbose unbuild lib/node_modules/pakmanager
52 silly gentlyRm /usr/local/lib/node_modules/pakmanager is being purged from base /usr/local
53 verbose gentlyRm don't care about contents; nuking /usr/local/lib/node_modules/pakmanager
54 verbose tar unpack /Users/ted/.npm/pakmanager/0.12.1/package.tgz
55 verbose tar unpacking to /usr/local/lib/node_modules/pakmanager
56 silly gentlyRm /usr/local/lib/node_modules/pakmanager is being purged
57 verbose gentlyRm don't care about contents; nuking /usr/local/lib/node_modules/pakmanager
58 silly gunzTarPerm modes [ '755', '644' ]
59 error tar.unpack untar error /Users/ted/.npm/pakmanager/0.12.1/package.tgz
60 verbose unlock done using /Users/ted/.npm/_locks/pakmanager-9882156f734bc2a5.lock for /usr/local/lib/node_modules/pakmanager
61 verbose fstream_path /usr/local/lib/node_modules/pakmanager
62 verbose fstream_type Directory
63 verbose fstream_class DirWriter
64 verbose stack Error: EACCES: permission denied, mkdir '/usr/local/lib/node_modules/pakmanager'
64 verbose stack     at Error (native)
65 verbose fstream_stack /usr/local/lib/node_modules/npm/node_modules/fstream/lib/dir-writer.js:35:25
65 verbose fstream_stack /usr/local/lib/node_modules/npm/node_modules/mkdirp/index.js:47:53
65 verbose fstream_stack FSReqWrap.oncomplete (fs.js:82:15)
66 verbose cwd /Users/ted/weather
67 error Darwin 15.0.0
68 error argv "/usr/local/bin/node" "/usr/local/bin/npm" "install" "-g" "pakmanager"
69 error node v4.1.1
70 error npm  v2.14.2
71 error path /usr/local/lib/node_modules/pakmanager
72 error code EACCES
73 error errno -13
74 error syscall mkdir
75 error Error: EACCES: permission denied, mkdir '/usr/local/lib/node_modules/pakmanager'
75 error     at Error (native)
75 error  { [Error: EACCES: permission denied, mkdir '/usr/local/lib/node_modules/pakmanager']
75 error   errno: -13,
75 error   code: 'EACCES',
75 error   syscall: 'mkdir',
75 error   path: '/usr/local/lib/node_modules/pakmanager',
75 error   fstream_type: 'Directory',
75 error   fstream_path: '/usr/local/lib/node_modules/pakmanager',
75 error   fstream_class: 'DirWriter',
75 error   fstream_stack:
75 error    [ '/usr/local/lib/node_modules/npm/node_modules/fstream/lib/dir-writer.js:35:25',
75 error      '/usr/local/lib/node_modules/npm/node_modules/mkdirp/index.js:47:53',
75 error      'FSReqWrap.oncomplete (fs.js:82:15)' ] }
76 error Please try running this command again as root/Administrator.
77 verbose exit [ -13, true ]
78 verbose unbuild lib/node_modules/pakmanager
79 silly gentlyRm /usr/local/lib/node_modules/pakmanager is being purged from base /usr/local
80 verbose gentlyRm don't care about contents; nuking /usr/local/lib/node_modules/pakmanager
